Determining if the pthread_create exist failed with the following output:
Change Dir: /home/daniel/gpu-praktikum/build/CMakeFiles/CMakeTmp

Run Build Command:"/usr/bin/make" "cmTC_784d9/fast"
/usr/bin/make -f CMakeFiles/cmTC_784d9.dir/build.make CMakeFiles/cmTC_784d9.dir/build
make[1]: Entering directory '/home/daniel/gpu-praktikum/build/CMakeFiles/CMakeTmp'
Building CXX object CMakeFiles/cmTC_784d9.dir/CheckSymbolExists.cxx.o
/usr/bin/c++    -std=gnu++1z -o CMakeFiles/cmTC_784d9.dir/CheckSymbolExists.cxx.o -c /home/daniel/gpu-praktikum/build/CMakeFiles/CMakeTmp/CheckSymbolExists.cxx
Linking CXX executable cmTC_784d9
/usr/bin/cmake -E cmake_link_script CMakeFiles/cmTC_784d9.dir/link.txt --verbose=1
/usr/bin/c++       CMakeFiles/cmTC_784d9.dir/CheckSymbolExists.cxx.o  -o cmTC_784d9 
CMakeFiles/cmTC_784d9.dir/CheckSymbolExists.cxx.o: In function `main':
CheckSymbolExists.cxx:(.text+0x14): undefined reference to `pthread_create'
CheckSymbolExists.cxx:(.text+0x18): undefined reference to `pthread_create'
collect2: error: ld returned 1 exit status
CMakeFiles/cmTC_784d9.dir/build.make:97: recipe for target 'cmTC_784d9' failed
make[1]: *** [cmTC_784d9] Error 1
make[1]: Leaving directory '/home/daniel/gpu-praktikum/build/CMakeFiles/CMakeTmp'
Makefile:126: recipe for target 'cmTC_784d9/fast' failed
make: *** [cmTC_784d9/fast] Error 2

File /home/daniel/gpu-praktikum/build/CMakeFiles/CMakeTmp/CheckSymbolExists.cxx:
/* */
#include <pthread.h>

int main(int argc, char** argv)
{
  (void)argv;
#ifndef pthread_create
  return ((int*)(&pthread_create))[argc];
#else
  (void)argc;
  return 0;
#endif
}

Determining if the function pthread_create exists in the pthreads failed with the following output:
Change Dir: /home/daniel/gpu-praktikum/build/CMakeFiles/CMakeTmp

Run Build Command:"/usr/bin/make" "cmTC_d621a/fast"
/usr/bin/make -f CMakeFiles/cmTC_d621a.dir/build.make CMakeFiles/cmTC_d621a.dir/build
make[1]: Entering directory '/home/daniel/gpu-praktikum/build/CMakeFiles/CMakeTmp'
Building CXX object CMakeFiles/cmTC_d621a.dir/CheckFunctionExists.cxx.o
/usr/bin/c++    -DCHECK_FUNCTION_EXISTS=pthread_create   -std=gnu++1z -o CMakeFiles/cmTC_d621a.dir/CheckFunctionExists.cxx.o -c /home/daniel/gpu-praktikum/build/CMakeFiles/CheckLibraryExists/CheckFunctionExists.cxx
Linking CXX executable cmTC_d621a
/usr/bin/cmake -E cmake_link_script CMakeFiles/cmTC_d621a.dir/link.txt --verbose=1
/usr/bin/c++   -DCHECK_FUNCTION_EXISTS=pthread_create    CMakeFiles/cmTC_d621a.dir/CheckFunctionExists.cxx.o  -o cmTC_d621a -lpthreads 
/usr/bin/ld: cannot find -lpthreads
collect2: error: ld returned 1 exit status
CMakeFiles/cmTC_d621a.dir/build.make:97: recipe for target 'cmTC_d621a' failed
make[1]: *** [cmTC_d621a] Error 1
make[1]: Leaving directory '/home/daniel/gpu-praktikum/build/CMakeFiles/CMakeTmp'
Makefile:126: recipe for target 'cmTC_d621a/fast' failed
make: *** [cmTC_d621a/fast] Error 2


